<?xml version="1.0" encoding="UTF-8"?>
<testsuite name="br.com.dio.BasicBasketServiceTest" tests="6" skipped="0" failures="0" errors="0" timestamp="2026-06-26T12:47:46" hostname="84afb2a55447" time="0.062">
  <properties/>
  <testcase name="sellingShouldReturnTheTotalAndUpdateTheCash()" classname="br.com.dio.BasicBasketServiceTest" time="0.013"/>
  <testcase name="receivingABoxShouldPriceEachBasketAsUnitPricePlus20Percent()" classname="br.com.dio.BasicBasketServiceTest" time="0.008"/>
  <testcase name="checkStockShouldReturnTotalAndExpiredAmount()" classname="br.com.dio.BasicBasketServiceTest" time="0.006"/>
  <testcase name="sellingShouldRemoveSoldBasketsFromStock()" classname="br.com.dio.BasicBasketServiceTest" time="0.004"/>
  <testcase name="removingExpiredShouldDropExpiredAndKeepValidBaskets()" classname="br.com.dio.BasicBasketServiceTest" time="0.007"/>
  <testcase name="receivingABoxShouldAddTheSameAmountOfBasketsToStock()" classname="br.com.dio.BasicBasketServiceTest" time="0.004"/>
  <system-out><![CDATA[]]></system-out>
  <system-err><![CDATA[]]></system-err>
</testsuite>
