<?xml version="1.0" encoding="UTF-8"?>
<testsuite name="br.com.dio.MoneyDaoTest" tests="2" skipped="0" failures="0" errors="0" timestamp="2026-06-26T12:47:46" hostname="84afb2a55447" time="0.009">
  <properties/>
  <testcase name="addShouldAccumulateValues()" classname="br.com.dio.MoneyDaoTest" time="0.002"/>
  <testcase name="newMoneyDaoShouldStartAtZero()" classname="br.com.dio.MoneyDaoTest" time="0.004"/>
  <system-out><![CDATA[]]></system-out>
  <system-err><![CDATA[]]></system-err>
</testsuite>
